[2022-03-25 11:36:36] [info] Start Program:
Path:"E:\\Facultate\\An1\\Sem2\\Programare orientata pe obiect\\Teme\\Lab2-4\\Problema5\\x64\\Debug\\Problema5.exe"
Arguments:
Working directory: "E:\\Facultate\\An1\\Sem2\\Programare orientata pe obiect\\Teme\\Lab2-4\\Problema5\\Problema5\\"
Modules: Selected: E:\Facultate\An1\Sem2\Programare orientata pe obiect\Teme\Lab2-4\Problema5\x64\Debug\Problema5.exe Excluded: 
Sources: Selected: E:\Facultate\An1\Sem2\Programare orientata pe obiect\Teme\Lab2-4\Problema5\Problema5 Excluded: ui.c my_utils.c 
Log Level: Normal
Cover Children: 0
Aggregate by file: 1
Continue after C++ exception: 0
Optimized build support: 0
Export: binary C:\Users\balin\AppData\Local\Temp\u3wv5lcp.1g3 
Input coverage: 
Unified diff: 
Excluded line regular expressions: 
Substitute pdb source paths: 

[2022-03-25 11:36:36] [info] Module: E:\Facultate\An1\Sem2\Programare orientata pe obiect\Teme\Lab2-4\Problema5\x64\Debug\Problema5.exe is selected because it matches selected pattern: E:\Facultate\An1\Sem2\Programare orientata pe obiect\Teme\Lab2-4\Problema5\x64\Debug\Problema5.exe
[2022-03-25 11:36:38] [info] ----------------------------------------------------
[2022-03-25 11:36:38] [info] Coverage binary generated in file: C:\Users\balin\AppData\Local\Temp\u3wv5lcp.1g3
[2022-03-25 11:36:38] [info] ----------------------------------------------------
