[2022-05-13 12:34:58] [info] Start Program:
Path:"E:\Facultate\An1\Sem2\Programare orientata pe obiect\Teme\Lab 6-7 Iteratia 2\Problema 6\Debug\Problema 6.exe"
Arguments:
Working directory: "E:\Facultate\An1\Sem2\Programare orientata pe obiect\Teme\Lab 6-7 Iteratia 2\Problema 6\Problema 6\"
Modules: Selected: E:\Facultate\An1\Sem2\Programare orientata pe obiect\Teme\Lab 6-7 Iteratia 2\Problema 6\Debug\Problema 6.exe Excluded: 
Sources: Selected: E:\Facultate\An1\Sem2\Programare orientata pe obiect\Teme\Lab 6-7 Iteratia 2\Problema 6\Problema 6 Excluded: main.cpp UI.cpp Vector.h 
Log Level: Normal
Cover Children: 0
Aggregate by file: 1
Continue after C++ exception: 0
Optimized build support: 0
Export: Binary C:\Users\balin\AppData\Local\Temp\bpfgpsgf.wbv 
Input coverage: 
Unified diff: 
Excluded line regular expressions: 
Substitute pdb source paths: 

[2022-05-13 12:34:58] [info] Module: E:\Facultate\An1\Sem2\Programare orientata pe obiect\Teme\Lab 6-7 Iteratia 2\Problema 6\Debug\Problema 6.exe is selected because it matches selected pattern: E:\Facultate\An1\Sem2\Programare orientata pe obiect\Teme\Lab 6-7 Iteratia 2\Problema 6\Debug\Problema 6.exe
[2022-05-13 12:34:59] [info] ----------------------------------------------------
[2022-05-13 12:34:59] [info] Coverage binary generated in file: C:\Users\balin\AppData\Local\Temp\bpfgpsgf.wbv
[2022-05-13 12:34:59] [info] ----------------------------------------------------
