     1                                  bits 32
     2                                  global start     
     3                                     
     4                                  extern exit, printf, scanf 
     5                                   
     6                                  import exit msvcrt.dll    
     7                                  
     8                                  import printf msvcrt.dll   
     9                                  import scanf msvcrt.dll     
    10                                                            
    11                                  segment data use32 class=data
    12 00000000 00000000                    a dd 0
    13 00000004 00000000                    b dd 0
    14 00000008 00000000                    result dd 0
    15 0000000C 496E74726F64756365-         format1 db 'Introduceti a=', 0	; format este un sir C
    15 00000015 746920613D00       
    16 0000001B 496E74726F64756365-         format2 db 'Introduceti b=', 0      
    16 00000024 746920623D00       
    17 0000002A 256400                      readformat db '%d', 0  
    18 0000002D 532D61206369746974-         printformat db 'S-a citit a=%d + b=%d . Rezultatul sumei este = %d (rez)', 0  
    18 00000036 20613D2564202B2062-
    18 0000003F 3D2564202E2052657A-
    18 00000048 756C746174756C2073-
    18 00000051 756D65692065737465-
    18 0000005A 203D20256420287265-
    18 00000063 7A2900             
    19                                      ; elem din printformat se pun pe stiva de la dreapta la stanga 
    20                                    
    21                                      
    22                                     
    23                                  
    24                                  segment code use32 class=code
    25                                  start:
    26                                     ; apel printf(“Introduceti a=”)
    27 00000000 68[0C000000]                push dword format1
    28 00000005 FF15[00000000]              call [printf]
    29 0000000B 83C404                      add esp, 4*1
    30                                  
    31                                      ; apel scanf(“%d”, a)
    32 0000000E 68[00000000]                push dword a		; se pune pe stiva offset-ul variabilei!!
    33 00000013 68[2A000000]                push dword readformat
    34 00000018 FF15[00000000]              call [scanf]
    35 0000001E 83C408                      add esp, 4*2
    36                                  
    37                                      ; apel printf(“Introduceti b=”)
    38 00000021 68[1B000000]                push dword format2
    39 00000026 FF15[00000000]              call [printf]
    40 0000002C 83C404                      add esp, 4*1
    41                                      
    42                                      
    43                                  
    44                                      ; apel scanf(“%d”, b)
    45 0000002F 68[04000000]                push dword b    	; se pune pe stiva offset-ul variabilei!!
    46 00000034 68[2A000000]                push dword readformat
    47 00000039 FF15[00000000]              call [scanf]
    48 0000003F 83C408                      add esp, 4*2
    49                                      
    50                                  
    51                                      
    52                                     
    53                                      
    54                                  
    55 00000042 A1[00000000]                mov eax, [a]
    56 00000047 0305[04000000]              add eax, [b]
    57 0000004D A3[08000000]                mov [result], eax
    58                                  
    59                                      ; !!!! daca rez sunt de dim mai mica decat 32 biti inainte de a fi puse pe sitva pentru afisare trebuie sa fie convertite la doublewords.
    60                                      
    61                                      ; apel printf(mesajdeafisat, a, b, result)
    62 00000052 FF35[08000000]              push dword [result]     ; pune pe stiva valoarea rezultatului 
    63 00000058 FF35[04000000]              push dword [b]          ; pune pe stiva valoarea lui b
    64 0000005E FF35[00000000]              push dword [a]          ; pune pe stiva valoarea lui a
    65 00000064 68[2D000000]                push dword printformat
    66 00000069 FF15[00000000]              call [printf]
    67 0000006F 83C410                      add esp,4*4
    68                                  
    69 00000072 6A00                        push dword 0
    70 00000074 FF15[00000000]              call [exit]
    71                                  
