     1                                  bits 32 ; assembling for the 32 bits architecture
     2                                  
     3                                  ; declare the EntryPoint (a label defining the very first instruction of the program)
     4                                  global start        
     5                                  
     6                                  ; declare external functions needed by our program
     7                                  extern exit               ; tell nasm that exit exists even if we won't be defining it
     8                                  import exit msvcrt.dll    ; exit is a function that ends the calling process. It is defined in msvcrt.dll
     9                                                            ; msvcrt.dll contains exit, printf and all the other important C-runtime specific functions
    10                                  
    11                                  ; our data is declared here (the variables needed by our program)
    12                                  segment data use32 class=data
    13                                      ; ...
    14 00000000 616263                          sir1 db 'abc'
    15 00000003 646566                          sir2 db 'def'
    16                                          len equ $-sir1
    17 00000006 00<rept>                        rez times len*2 db 0
    18 00000012 00000000                        copie dd 0
    19                                          
    20                                  ; our code starts here
    21                                  segment code use32 class=code
    22                                      start:
    23                                          ; ...
    24 00000000 B806000000                      mov eax, len
    25                                  
    26                                          
    27                                          ; exit(0)
    28 00000005 6A00                            push    dword 0      ; push the parameter for exit onto the stack
    29 00000007 FF15[00000000]                  call    [exit]       ; call exit to terminate the program
